\BOOKMARK [1][-]{section.1}{\376\377\000I\000n\000t\000r\000o\000d\000u\000c\000t\000i\000o\000n}{}% 1
\BOOKMARK [1][-]{section.2}{\376\377\000P\000r\000o\000j\000e\000c\000t\000\040\000O\000b\000j\000e\000c\000t\000i\000v\000e\000s}{}% 2
\BOOKMARK [1][-]{section.3}{\376\377\000W\000h\000y\000\040\000C\000o\000m\000p\000a\000r\000e\000\040\000A\000l\000e\000x\000N\000e\000t\000\040\000a\000n\000d\000\040\000D\000H\000V\000T}{}% 3
\BOOKMARK [1][-]{section.4}{\376\377\000D\000a\000t\000a\000s\000e\000t}{}% 4
\BOOKMARK [1][-]{section.5}{\376\377\000M\000o\000d\000e\000l\000\040\000D\000e\000s\000c\000r\000i\000p\000t\000i\000o\000n}{}% 5
\BOOKMARK [2][-]{subsection.5.1}{\376\377\000A\000l\000e\000x\000N\000e\000t}{section.5}% 6
\BOOKMARK [3][-]{subsubsection.5.1.1}{\376\377\000M\000a\000t\000h\000e\000m\000a\000t\000i\000c\000a\000l\000\040\000v\000i\000e\000w\000\040\000o\000f\000\040\000c\000o\000n\000v\000o\000l\000u\000t\000i\000o\000n}{subsection.5.1}% 7
\BOOKMARK [2][-]{subsection.5.2}{\376\377\000D\000H\000V\000T\000:\000\040\000D\000y\000n\000a\000m\000i\000c\000\040\000H\000y\000b\000r\000i\000d\000\040\000V\000i\000s\000i\000o\000n\000\040\000T\000r\000a\000n\000s\000f\000o\000r\000m\000e\000r}{section.5}% 8
\BOOKMARK [3][-]{subsubsection.5.2.1}{\376\377\000S\000O\000P\000E\000\040\000m\000o\000d\000u\000l\000e}{subsection.5.2}% 9
\BOOKMARK [3][-]{subsubsection.5.2.2}{\376\377\000C\000l\000a\000s\000s\000\040\000t\000o\000k\000e\000n\000\040\000a\000n\000d\000\040\000p\000o\000s\000i\000t\000i\000o\000n\000a\000l\000\040\000e\000n\000c\000o\000d\000i\000n\000g}{subsection.5.2}% 10
\BOOKMARK [3][-]{subsubsection.5.2.3}{\376\377\000D\000H\000V\000T\000\040\000b\000l\000o\000c\000k}{subsection.5.2}% 11
\BOOKMARK [3][-]{subsubsection.5.2.4}{\376\377\000A\000t\000t\000e\000n\000t\000i\000o\000n\000\040\000m\000e\000c\000h\000a\000n\000i\000s\000m}{subsection.5.2}% 12
\BOOKMARK [3][-]{subsubsection.5.2.5}{\376\377\000D\000A\000F\000F\000\040\000m\000o\000d\000u\000l\000e}{subsection.5.2}% 13
\BOOKMARK [3][-]{subsubsection.5.2.6}{\376\377\000F\000i\000n\000a\000l\000\040\000c\000l\000a\000s\000s\000i\000f\000i\000c\000a\000t\000i\000o\000n}{subsection.5.2}% 14
\BOOKMARK [1][-]{section.6}{\376\377\000E\000x\000p\000e\000r\000i\000m\000e\000n\000t\000a\000l\000\040\000M\000e\000t\000h\000o\000d}{}% 15
\BOOKMARK [1][-]{section.7}{\376\377\000P\000r\000e\000p\000r\000o\000c\000e\000s\000s\000i\000n\000g}{}% 16
\BOOKMARK [1][-]{section.8}{\376\377\000T\000r\000a\000i\000n\000i\000n\000g\000\040\000S\000t\000r\000a\000t\000e\000g\000y}{}% 17
\BOOKMARK [1][-]{section.9}{\376\377\000M\000a\000i\000n\000\040\000D\000i\000f\000f\000i\000c\000u\000l\000t\000i\000e\000s\000\040\000E\000n\000c\000o\000u\000n\000t\000e\000r\000e\000d}{}% 18
\BOOKMARK [2][-]{subsection.9.1}{\376\377\000D\000i\000f\000f\000i\000c\000u\000l\000t\000y\000\040\0001\000:\000\040\000C\000o\000m\000p\000a\000r\000i\000n\000g\000\040\000T\000w\000o\000\040\000M\000o\000d\000e\000l\000s\000\040\000F\000a\000i\000r\000l\000y}{section.9}% 19
\BOOKMARK [2][-]{subsection.9.2}{\376\377\000D\000i\000f\000f\000i\000c\000u\000l\000t\000y\000\040\0002\000:\000\040\000T\000r\000a\000n\000s\000f\000o\000r\000m\000e\000r\000\040\000T\000r\000a\000i\000n\000i\000n\000g\000\040\000o\000n\000\040\000S\000m\000a\000l\000l\000\040\000D\000a\000t\000a\000s\000e\000t\000s}{section.9}% 20
\BOOKMARK [2][-]{subsection.9.3}{\376\377\000D\000i\000f\000f\000i\000c\000u\000l\000t\000y\000\040\0003\000:\000\040\000K\000e\000e\000p\000i\000n\000g\000\040\000t\000h\000e\000\040\000W\000o\000r\000k\000\040\000i\000n\000\040\000H\000o\000m\000e\000w\000o\000r\000k\000\040\000S\000t\000y\000l\000e}{section.9}% 21
\BOOKMARK [2][-]{subsection.9.4}{\376\377\000D\000i\000f\000f\000i\000c\000u\000l\000t\000y\000\040\0004\000:\000\040\000R\000e\000u\000s\000a\000b\000i\000l\000i\000t\000y\000\040\000f\000o\000r\000\040\000O\000t\000h\000e\000r\000\040\000D\000a\000t\000a\000s\000e\000t\000s}{section.9}% 22
\BOOKMARK [2][-]{subsection.9.5}{\376\377\000D\000i\000f\000f\000i\000c\000u\000l\000t\000y\000\040\0005\000:\000\040\000L\000o\000n\000g\000\040\000T\000r\000a\000i\000n\000i\000n\000g\000\040\000T\000i\000m\000e\000\040\000a\000n\000d\000\040\000M\000i\000s\000s\000i\000n\000g\000\040\000I\000n\000t\000e\000r\000m\000e\000d\000i\000a\000t\000e\000\040\000O\000u\000t\000p\000u\000t}{section.9}% 23
\BOOKMARK [1][-]{section.10}{\376\377\000R\000e\000s\000u\000l\000t\000s}{}% 24
\BOOKMARK [2][-]{subsection.10.1}{\376\377\000T\000r\000a\000i\000n\000i\000n\000g\000\040\000a\000n\000d\000\040\000V\000a\000l\000i\000d\000a\000t\000i\000o\000n\000\040\000C\000u\000r\000v\000e\000s}{section.10}% 25
\BOOKMARK [2][-]{subsection.10.2}{\376\377\000C\000o\000n\000f\000u\000s\000i\000o\000n\000\040\000M\000a\000t\000r\000i\000c\000e\000s}{section.10}% 26
\BOOKMARK [2][-]{subsection.10.3}{\376\377\000M\000i\000s\000c\000l\000a\000s\000s\000i\000f\000i\000e\000d\000\040\000E\000x\000a\000m\000p\000l\000e\000s}{section.10}% 27
\BOOKMARK [2][-]{subsection.10.4}{\376\377\000E\000x\000a\000m\000p\000l\000e\000s\000\040\000M\000i\000s\000c\000l\000a\000s\000s\000i\000f\000i\000e\000d\000\040\000b\000y\000\040\000B\000o\000t\000h\000\040\000M\000o\000d\000e\000l\000s}{section.10}% 28
\BOOKMARK [2][-]{subsection.10.5}{\376\377\000C\000o\000n\000f\000i\000d\000e\000n\000c\000e\000\040\000D\000i\000s\000t\000r\000i\000b\000u\000t\000i\000o\000n}{section.10}% 29
\BOOKMARK [2][-]{subsection.10.6}{\376\377\000A\000g\000r\000e\000e\000m\000e\000n\000t\000\040\000a\000n\000d\000\040\000D\000i\000s\000a\000g\000r\000e\000e\000m\000e\000n\000t\000\040\000B\000e\000t\000w\000e\000e\000n\000\040\000M\000o\000d\000e\000l\000s}{section.10}% 30
\BOOKMARK [1][-]{section.11}{\376\377\000D\000i\000s\000c\000u\000s\000s\000i\000o\000n}{}% 31
\BOOKMARK [1][-]{section.12}{\376\377\000C\000o\000n\000c\000l\000u\000s\000i\000o\000n}{}% 32
\BOOKMARK [1][-]{appendix.A}{\376\377\000A\000p\000p\000e\000n\000d\000i\000x\000:\000\040\000E\000x\000p\000o\000r\000t\000e\000d\000\040\000F\000i\000g\000u\000r\000e\000s\000\040\000U\000s\000e\000d\000\040\000i\000n\000\040\000T\000h\000i\000s\000\040\000R\000e\000p\000o\000r\000t}{}% 33
\BOOKMARK [1][-]{appendix.B}{\376\377\000R\000e\000f\000e\000r\000e\000n\000c\000e\000s}{}% 34
